2021-11-22 15:16:33,257 INFO apscheduler.scheduler MainThread : Adding job tentatively -- it will be properly scheduled when the scheduler starts
2021-11-22 15:16:33,261 INFO apscheduler.scheduler MainThread : Added job "watering_reminder" to job store "default"
2021-11-22 15:16:33,261 INFO apscheduler.scheduler MainThread : Scheduler started
2021-11-22 15:16:33,262 DEBUG apscheduler.scheduler APScheduler : Looking for jobs to run
2021-11-22 15:16:33,262 DEBUG apscheduler.scheduler APScheduler : Next wakeup is due at 2021-11-22 15:17:03.257596+01:00 (in 29.994983 seconds)
2021-11-22 15:16:33,338 INFO werkzeug MainThread :  * Restarting with windowsapi reloader
2021-11-22 15:16:35,489 INFO apscheduler.scheduler MainThread : Adding job tentatively -- it will be properly scheduled when the scheduler starts
2021-11-22 15:16:35,491 INFO apscheduler.scheduler MainThread : Added job "watering_reminder" to job store "default"
2021-11-22 15:16:35,492 INFO apscheduler.scheduler MainThread : Scheduler started
2021-11-22 15:16:35,493 DEBUG apscheduler.scheduler APScheduler : Looking for jobs to run
2021-11-22 15:16:35,493 DEBUG apscheduler.scheduler APScheduler : Next wakeup is due at 2021-11-22 15:17:05.489440+01:00 (in 29.996184 seconds)
2021-11-22 15:16:35,503 WARNING werkzeug MainThread :  * Debugger is active!
2021-11-22 15:16:35,525 INFO werkzeug MainThread :  * Debugger PIN: 269-649-333
2021-11-22 15:16:35,551 INFO werkzeug Thread-1 :  * Running on http://127.0.0.1:5000/ (Press CTRL+C to quit)
2021-11-22 15:17:03,268 DEBUG apscheduler.scheduler APScheduler : Looking for jobs to run
2021-11-22 15:17:03,271 INFO apscheduler.executors.default ThreadPoolExecutor-0_0 : Running job "watering_reminder (trigger: interval[0:00:30], next run at: 2021-11-22 15:17:03 CET)" (scheduled at 2021-11-22 15:17:03.257596+01:00)
2021-11-22 15:17:03,271 DEBUG apscheduler.scheduler APScheduler : Next wakeup is due at 2021-11-22 15:17:33.257596+01:00 (in 29.987845 seconds)
2021-11-22 15:17:03,281 INFO werkzeug Thread-2 :  * Detected change in 'C:\\Users\\Jan Koøistka\\AppData\\Roaming\\Python\\Python38\\site-packages\\apscheduler\\executors\\base.py', reloading
2021-11-22 15:17:03,289 INFO werkzeug Thread-2 :  * Detected change in 'c:\\users\\jan koøistka\\desktop\\poøádek\\git\\water-garden\\water_garden\\utils.py', reloading
2021-11-22 15:17:03,285 ERROR apscheduler.executors.default ThreadPoolExecutor-0_0 : Job "watering_reminder (trigger: interval[0:00:30], next run at: 2021-11-22 15:17:33 CET)" raised an exception
Traceback (most recent call last):
  File "C:\Users\Jan Koøistka\AppData\Roaming\Python\Python38\site-packages\apscheduler\executors\base.py", line 125, in run_job
    retval = job.func(*job.args, **job.kwargs)
  File "C:\Users\Jan Koøistka\Desktop\Poøádek\Git\Water-garden\water_garden\utils.py", line 43, in watering_reminder
    for name in session.Query(User).all():
NameError: name 'session' is not defined
2021-11-22 15:17:03,290 INFO werkzeug Thread-2 :  * Detected change in 'C:\\Users\\Jan Koøistka\\Desktop\\Poøádek\\Git\\Water-garden\\water_garden\\utils.py', reloading
2021-11-22 15:17:04,460 INFO werkzeug MainThread :  * Restarting with windowsapi reloader
2021-11-22 15:17:06,578 INFO apscheduler.scheduler MainThread : Adding job tentatively -- it will be properly scheduled when the scheduler starts
2021-11-22 15:17:06,580 INFO apscheduler.scheduler MainThread : Added job "watering_reminder" to job store "default"
2021-11-22 15:17:06,581 INFO apscheduler.scheduler MainThread : Scheduler started
2021-11-22 15:17:06,582 DEBUG apscheduler.scheduler APScheduler : Looking for jobs to run
2021-11-22 15:17:06,582 DEBUG apscheduler.scheduler APScheduler : Next wakeup is due at 2021-11-22 15:17:36.578409+01:00 (in 29.996002 seconds)
2021-11-22 15:17:06,590 WARNING werkzeug MainThread :  * Debugger is active!
2021-11-22 15:17:06,610 INFO werkzeug MainThread :  * Debugger PIN: 269-649-333
2021-11-22 15:17:06,637 INFO werkzeug Thread-1 :  * Running on http://127.0.0.1:5000/ (Press CTRL+C to quit)
2021-11-22 15:17:33,268 DEBUG apscheduler.scheduler APScheduler : Looking for jobs to run
2021-11-22 15:17:33,269 DEBUG apscheduler.scheduler APScheduler : Next wakeup is due at 2021-11-22 15:18:03.257596+01:00 (in 29.989393 seconds)
2021-11-22 15:17:33,269 INFO apscheduler.executors.default ThreadPoolExecutor-0_0 : Running job "watering_reminder (trigger: interval[0:00:30], next run at: 2021-11-22 15:18:03 CET)" (scheduled at 2021-11-22 15:17:33.257596+01:00)
2021-11-22 15:17:33,269 ERROR apscheduler.executors.default ThreadPoolExecutor-0_0 : Job "watering_reminder (trigger: interval[0:00:30], next run at: 2021-11-22 15:18:03 CET)" raised an exception
Traceback (most recent call last):
  File "C:\Users\Jan Koøistka\AppData\Roaming\Python\Python38\site-packages\apscheduler\executors\base.py", line 125, in run_job
    retval = job.func(*job.args, **job.kwargs)
  File "C:\Users\Jan Koøistka\Desktop\Poøádek\Git\Water-garden\water_garden\utils.py", line 43, in watering_reminder
    for name in session.Query(User).all():
NameError: name 'session' is not defined
2021-11-22 15:17:36,587 DEBUG apscheduler.scheduler APScheduler : Looking for jobs to run
2021-11-22 15:17:36,589 INFO apscheduler.executors.default ThreadPoolExecutor-0_0 : Running job "watering_reminder (trigger: interval[0:00:30], next run at: 2021-11-22 15:17:36 CET)" (scheduled at 2021-11-22 15:17:36.578409+01:00)
2021-11-22 15:17:36,590 DEBUG apscheduler.scheduler APScheduler : Next wakeup is due at 2021-11-22 15:18:06.578409+01:00 (in 29.990274 seconds)
2021-11-22 15:17:36,592 ERROR apscheduler.executors.default ThreadPoolExecutor-0_0 : Job "watering_reminder (trigger: interval[0:00:30], next run at: 2021-11-22 15:18:06 CET)" raised an exception
Traceback (most recent call last):
  File "C:\Users\Jan Koøistka\AppData\Roaming\Python\Python38\site-packages\apscheduler\executors\base.py", line 125, in run_job
    retval = job.func(*job.args, **job.kwargs)
  File "C:\Users\Jan Koøistka\Desktop\Poøádek\Git\Water-garden\water_garden\utils.py", line 43, in watering_reminder
    for name in session.Query(User).all():
NameError: name 'session' is not defined
2021-11-22 15:18:03,276 DEBUG apscheduler.scheduler APScheduler : Looking for jobs to run
2021-11-22 15:18:03,276 DEBUG apscheduler.scheduler APScheduler : Next wakeup is due at 2021-11-22 15:18:33.257596+01:00 (in 29.981326 seconds)
2021-11-22 15:18:03,277 INFO apscheduler.executors.default ThreadPoolExecutor-0_0 : Running job "watering_reminder (trigger: interval[0:00:30], next run at: 2021-11-22 15:18:33 CET)" (scheduled at 2021-11-22 15:18:03.257596+01:00)
2021-11-22 15:18:03,278 ERROR apscheduler.executors.default ThreadPoolExecutor-0_0 : Job "watering_reminder (trigger: interval[0:00:30], next run at: 2021-11-22 15:18:33 CET)" raised an exception
Traceback (most recent call last):
  File "C:\Users\Jan Koøistka\AppData\Roaming\Python\Python38\site-packages\apscheduler\executors\base.py", line 125, in run_job
    retval = job.func(*job.args, **job.kwargs)
  File "C:\Users\Jan Koøistka\Desktop\Poøádek\Git\Water-garden\water_garden\utils.py", line 43, in watering_reminder
    for name in session.Query(User).all():
NameError: name 'session' is not defined
2021-11-22 15:18:06,585 DEBUG apscheduler.scheduler APScheduler : Looking for jobs to run
2021-11-22 15:18:06,586 DEBUG apscheduler.scheduler APScheduler : Next wakeup is due at 2021-11-22 15:18:36.578409+01:00 (in 29.992220 seconds)
2021-11-22 15:18:06,587 INFO apscheduler.executors.default ThreadPoolExecutor-0_0 : Running job "watering_reminder (trigger: interval[0:00:30], next run at: 2021-11-22 15:18:36 CET)" (scheduled at 2021-11-22 15:18:06.578409+01:00)
2021-11-22 15:18:06,589 ERROR apscheduler.executors.default ThreadPoolExecutor-0_0 : Job "watering_reminder (trigger: interval[0:00:30], next run at: 2021-11-22 15:18:36 CET)" raised an exception
Traceback (most recent call last):
  File "C:\Users\Jan Koøistka\AppData\Roaming\Python\Python38\site-packages\apscheduler\executors\base.py", line 125, in run_job
    retval = job.func(*job.args, **job.kwargs)
  File "C:\Users\Jan Koøistka\Desktop\Poøádek\Git\Water-garden\water_garden\utils.py", line 43, in watering_reminder
    for name in session.Query(User).all():
NameError: name 'session' is not defined
2021-11-22 15:18:15,354 INFO werkzeug Thread-2 :  * Detected change in 'c:\\users\\jan koøistka\\desktop\\poøádek\\git\\water-garden\\water_garden\\app.py', reloading
2021-11-22 15:18:15,355 INFO werkzeug Thread-2 :  * Detected change in 'C:\\Users\\Jan Koøistka\\Desktop\\Poøádek\\Git\\Water-garden\\water_garden\\app.py', reloading
2021-11-22 15:18:15,359 INFO werkzeug Thread-2 :  * Detected change in 'c:\\users\\jan koøistka\\desktop\\poøádek\\git\\water-garden\\water_garden\\app.py', reloading
2021-11-22 15:18:15,359 INFO werkzeug Thread-2 :  * Detected change in 'C:\\Users\\Jan Koøistka\\Desktop\\Poøádek\\Git\\Water-garden\\water_garden\\app.py', reloading
2021-11-22 15:18:15,360 INFO werkzeug Thread-2 :  * Detected change in 'c:\\users\\jan koøistka\\desktop\\poøádek\\git\\water-garden\\water_garden\\app.py', reloading
2021-11-22 15:18:15,360 INFO werkzeug Thread-2 :  * Detected change in 'C:\\Users\\Jan Koøistka\\Desktop\\Poøádek\\Git\\Water-garden\\water_garden\\app.py', reloading
2021-11-22 15:18:15,361 INFO werkzeug Thread-2 :  * Detected change in 'c:\\users\\jan koøistka\\desktop\\poøádek\\git\\water-garden\\water_garden\\app.py', reloading
2021-11-22 15:18:15,361 INFO werkzeug Thread-2 :  * Detected change in 'C:\\Users\\Jan Koøistka\\Desktop\\Poøádek\\Git\\Water-garden\\water_garden\\app.py', reloading
2021-11-22 15:18:15,362 INFO werkzeug Thread-2 :  * Detected change in 'c:\\users\\jan koøistka\\desktop\\poøádek\\git\\water-garden\\water_garden\\app.py', reloading
2021-11-22 15:18:15,362 INFO werkzeug Thread-2 :  * Detected change in 'C:\\Users\\Jan Koøistka\\Desktop\\Poøádek\\Git\\Water-garden\\water_garden\\app.py', reloading
2021-11-22 15:18:16,559 INFO werkzeug MainThread :  * Restarting with windowsapi reloader
2021-11-22 15:18:18,839 INFO apscheduler.scheduler MainThread : Adding job tentatively -- it will be properly scheduled when the scheduler starts
2021-11-22 15:18:18,849 WARNING werkzeug MainThread :  * Debugger is active!
2021-11-22 15:18:18,866 INFO werkzeug MainThread :  * Debugger PIN: 269-649-333
2021-11-22 15:18:18,894 INFO werkzeug Thread-1 :  * Running on http://127.0.0.1:5000/ (Press CTRL+C to quit)
2021-11-22 15:18:33,269 DEBUG apscheduler.scheduler APScheduler : Looking for jobs to run
2021-11-22 15:18:33,269 DEBUG apscheduler.scheduler APScheduler : Next wakeup is due at 2021-11-22 15:19:03.257596+01:00 (in 29.988223 seconds)
2021-11-22 15:18:33,269 INFO apscheduler.executors.default ThreadPoolExecutor-0_0 : Running job "watering_reminder (trigger: interval[0:00:30], next run at: 2021-11-22 15:19:03 CET)" (scheduled at 2021-11-22 15:18:33.257596+01:00)
2021-11-22 15:18:33,270 ERROR apscheduler.executors.default ThreadPoolExecutor-0_0 : Job "watering_reminder (trigger: interval[0:00:30], next run at: 2021-11-22 15:19:03 CET)" raised an exception
Traceback (most recent call last):
  File "C:\Users\Jan Koøistka\AppData\Roaming\Python\Python38\site-packages\apscheduler\executors\base.py", line 125, in run_job
    retval = job.func(*job.args, **job.kwargs)
  File "C:\Users\Jan Koøistka\Desktop\Poøádek\Git\Water-garden\water_garden\utils.py", line 43, in watering_reminder
    for name in session.Query(User).all():
NameError: name 'session' is not defined
2021-11-22 15:18:45,404 INFO apscheduler.scheduler MainThread : Adding job tentatively -- it will be properly scheduled when the scheduler starts
2021-11-22 15:18:45,429 INFO werkzeug MainThread :  * Restarting with windowsapi reloader
2021-11-22 15:18:47,548 INFO apscheduler.scheduler MainThread : Adding job tentatively -- it will be properly scheduled when the scheduler starts
2021-11-22 15:18:47,557 WARNING werkzeug MainThread :  * Debugger is active!
2021-11-22 15:18:47,573 INFO werkzeug MainThread :  * Debugger PIN: 269-649-333
2021-11-22 15:18:47,600 INFO werkzeug Thread-1 :  * Running on http://127.0.0.1:5000/ (Press CTRL+C to quit)
2021-11-22 15:19:10,644 INFO werkzeug Thread-2 :  * Detected change in 'C:\\Users\\Jan Koøistka\\AppData\\Roaming\\Python\\Python38\\site-packages\\pygments\\__pycache__\\__init__.cpython-38.pyc', reloading
2021-11-22 15:19:10,649 INFO werkzeug Thread-2 :  * Detected change in 'C:\\Users\\Jan Koøistka\\AppData\\Roaming\\Python\\Python38\\site-packages\\pygments\\lexers\\__pycache__\\__init__.cpython-38.pyc', reloading
2021-11-22 15:19:10,659 INFO werkzeug Thread-2 :  * Detected change in 'C:\\Users\\Jan Koøistka\\AppData\\Roaming\\Python\\Python38\\site-packages\\pygments\\lexers\\__pycache__\\_mapping.cpython-38.pyc', reloading
2021-11-22 15:19:10,662 INFO werkzeug Thread-2 :  * Detected change in 'C:\\Users\\Jan Koøistka\\AppData\\Roaming\\Python\\Python38\\site-packages\\pygments\\__pycache__\\modeline.cpython-38.pyc', reloading
2021-11-22 15:19:10,667 INFO werkzeug Thread-2 :  * Detected change in 'C:\\Users\\Jan Koøistka\\AppData\\Roaming\\Python\\Python38\\site-packages\\pygments\\__pycache__\\plugin.cpython-38.pyc', reloading
2021-11-22 15:19:10,670 INFO werkzeug Thread-2 :  * Detected change in 'C:\\Users\\Jan Koøistka\\AppData\\Roaming\\Python\\Python38\\site-packages\\pygments\\__pycache__\\util.cpython-38.pyc', reloading
2021-11-22 15:19:10,675 INFO werkzeug Thread-2 :  * Detected change in 'C:\\Users\\Jan Koøistka\\AppData\\Roaming\\Python\\Python38\\site-packages\\pygments\\formatters\\__pycache__\\__init__.cpython-38.pyc', reloading
2021-11-22 15:19:10,679 INFO werkzeug Thread-2 :  * Detected change in 'C:\\Users\\Jan Koøistka\\AppData\\Roaming\\Python\\Python38\\site-packages\\pygments\\formatters\\__pycache__\\_mapping.cpython-38.pyc', reloading
2021-11-22 15:19:10,684 INFO werkzeug Thread-2 :  * Detected change in 'C:\\Users\\Jan Koøistka\\AppData\\Roaming\\Python\\Python38\\site-packages\\pygments\\formatters\\__pycache__\\html.cpython-38.pyc', reloading
2021-11-22 15:19:10,687 INFO werkzeug Thread-2 :  * Detected change in 'C:\\Users\\Jan Koøistka\\AppData\\Roaming\\Python\\Python38\\site-packages\\pygments\\__pycache__\\formatter.cpython-38.pyc', reloading
2021-11-22 15:19:10,690 INFO werkzeug Thread-2 :  * Detected change in 'C:\\Users\\Jan Koøistka\\AppData\\Roaming\\Python\\Python38\\site-packages\\pygments\\styles\\__pycache__\\__init__.cpython-38.pyc', reloading
2021-11-22 15:19:10,694 INFO werkzeug Thread-2 :  * Detected change in 'C:\\Users\\Jan Koøistka\\AppData\\Roaming\\Python\\Python38\\site-packages\\pygments\\__pycache__\\token.cpython-38.pyc', reloading
2021-11-22 15:19:10,851 INFO werkzeug Thread-2 :  * Detected change in 'C:\\ProgramData\\Anaconda3\\Lib\\site-packages\\PIL\\__pycache__\\__init__.cpython-38.pyc', reloading
2021-11-22 15:19:10,853 INFO werkzeug Thread-2 :  * Detected change in 'C:\\ProgramData\\Anaconda3\\Lib\\site-packages\\PIL\\__pycache__\\_version.cpython-38.pyc', reloading
2021-11-22 15:19:10,863 INFO werkzeug Thread-2 :  * Detected change in 'C:\\ProgramData\\Anaconda3\\Lib\\site-packages\\PIL\\__pycache__\\Image.cpython-38.pyc', reloading
2021-11-22 15:19:10,878 INFO werkzeug Thread-2 :  * Detected change in 'C:\\ProgramData\\Anaconda3\\Lib\\xml\\etree\\__pycache__\\__init__.cpython-38.pyc', reloading
2021-11-22 15:19:10,886 INFO werkzeug Thread-2 :  * Detected change in 'C:\\ProgramData\\Anaconda3\\Lib\\xml\\etree\\__pycache__\\ElementTree.cpython-38.pyc', reloading
2021-11-22 15:19:10,890 INFO werkzeug Thread-2 :  * Detected change in 'C:\\ProgramData\\Anaconda3\\Lib\\xml\\etree\\__pycache__\\ElementPath.cpython-38.pyc', reloading
2021-11-22 15:19:10,907 INFO werkzeug Thread-2 :  * Detected change in 'C:\\ProgramData\\Anaconda3\\Lib\\site-packages\\PIL\\__pycache__\\ImageMode.cpython-38.pyc', reloading
2021-11-22 15:19:10,911 INFO werkzeug Thread-2 :  * Detected change in 'C:\\ProgramData\\Anaconda3\\Lib\\site-packages\\PIL\\__pycache__\\TiffTags.cpython-38.pyc', reloading
2021-11-22 15:19:10,914 INFO werkzeug Thread-2 :  * Detected change in 'C:\\ProgramData\\Anaconda3\\Lib\\site-packages\\PIL\\__pycache__\\_binary.cpython-38.pyc', reloading
2021-11-22 15:19:10,918 INFO werkzeug Thread-2 :  * Detected change in 'C:\\ProgramData\\Anaconda3\\Lib\\site-packages\\PIL\\__pycache__\\_util.cpython-38.pyc', reloading
2021-11-22 15:19:10,951 INFO werkzeug Thread-2 :  * Detected change in 'C:\\ProgramData\\Anaconda3\\Lib\\site-packages\\cffi\\__pycache__\\__init__.cpython-38.pyc', reloading
2021-11-22 15:19:10,958 INFO werkzeug Thread-2 :  * Detected change in 'C:\\ProgramData\\Anaconda3\\Lib\\site-packages\\cffi\\__pycache__\\api.cpython-38.pyc', reloading
2021-11-22 15:19:10,960 INFO werkzeug Thread-2 :  * Detected change in 'C:\\ProgramData\\Anaconda3\\Lib\\site-packages\\cffi\\__pycache__\\lock.cpython-38.pyc', reloading
2021-11-22 15:19:10,963 INFO werkzeug Thread-2 :  * Detected change in 'C:\\ProgramData\\Anaconda3\\Lib\\site-packages\\cffi\\__pycache__\\error.cpython-38.pyc', reloading
2021-11-22 15:19:10,967 INFO werkzeug Thread-2 :  * Detected change in 'C:\\ProgramData\\Anaconda3\\Lib\\site-packages\\cffi\\__pycache__\\model.cpython-38.pyc', reloading
2021-11-22 15:19:12,105 INFO werkzeug MainThread :  * Restarting with windowsapi reloader
2021-11-22 15:19:14,239 INFO apscheduler.scheduler MainThread : Adding job tentatively -- it will be properly scheduled when the scheduler starts
2021-11-22 15:19:14,247 WARNING werkzeug MainThread :  * Debugger is active!
2021-11-22 15:19:14,263 INFO werkzeug MainThread :  * Debugger PIN: 269-649-333
2021-11-22 15:19:14,288 INFO werkzeug Thread-1 :  * Running on http://127.0.0.1:5000/ (Press CTRL+C to quit)
2021-11-22 15:19:46,537 INFO werkzeug Thread-2 :  * Detected change in 'c:\\users\\jan koøistka\\desktop\\poøádek\\git\\water-garden\\water_garden\\utils.py', reloading
2021-11-22 15:19:46,541 INFO werkzeug Thread-2 :  * Detected change in 'c:\\users\\jan koøistka\\desktop\\poøádek\\git\\water-garden\\water_garden\\utils.py', reloading
2021-11-22 15:19:46,543 INFO werkzeug Thread-2 :  * Detected change in 'C:\\Users\\Jan Koøistka\\Desktop\\Poøádek\\Git\\Water-garden\\water_garden\\utils.py', reloading
2021-11-22 15:19:47,683 INFO werkzeug MainThread :  * Restarting with windowsapi reloader
2021-11-22 15:22:06,072 INFO werkzeug MainThread :  * Restarting with windowsapi reloader
2021-11-22 15:22:08,179 WARNING werkzeug MainThread :  * Debugger is active!
2021-11-22 15:22:08,196 INFO werkzeug MainThread :  * Debugger PIN: 269-649-333
2021-11-22 15:22:08,220 INFO werkzeug Thread-1 :  * Running on http://127.0.0.1:5000/ (Press CTRL+C to quit)
2021-11-22 15:24:20,396 INFO werkzeug Thread-2 :  * Detected change in 'C:\\Users\\Jan Koøistka\\Desktop\\Poøádek\\Git\\Water-garden\\water_garden\\views.py', reloading
2021-11-22 15:24:20,398 INFO werkzeug Thread-2 :  * Detected change in 'c:\\users\\jan koøistka\\desktop\\poøádek\\git\\water-garden\\water_garden\\views.py', reloading
2021-11-22 15:24:20,398 INFO werkzeug Thread-2 :  * Detected change in 'C:\\Users\\Jan Koøistka\\Desktop\\Poøádek\\Git\\Water-garden\\water_garden\\views.py', reloading
2021-11-22 15:24:20,398 INFO werkzeug Thread-2 :  * Detected change in 'c:\\users\\jan koøistka\\desktop\\poøádek\\git\\water-garden\\water_garden\\views.py', reloading
2021-11-22 15:24:20,399 INFO werkzeug Thread-2 :  * Detected change in 'C:\\Users\\Jan Koøistka\\Desktop\\Poøádek\\Git\\Water-garden\\water_garden\\views.py', reloading
2021-11-22 15:24:20,399 INFO werkzeug Thread-2 :  * Detected change in 'c:\\users\\jan koøistka\\desktop\\poøádek\\git\\water-garden\\water_garden\\views.py', reloading
2021-11-22 15:24:21,640 INFO werkzeug MainThread :  * Restarting with windowsapi reloader
2021-11-22 15:28:05,740 INFO werkzeug MainThread :  * Restarting with windowsapi reloader
2021-11-22 15:28:18,421 INFO werkzeug MainThread :  * Restarting with windowsapi reloader
2021-11-22 15:29:11,660 INFO werkzeug MainThread :  * Restarting with windowsapi reloader
2021-11-22 15:30:36,450 INFO werkzeug MainThread :  * Restarting with windowsapi reloader
2021-11-22 15:38:26,821 INFO werkzeug MainThread :  * Restarting with windowsapi reloader
2021-11-22 15:40:24,761 INFO werkzeug MainThread :  * Restarting with windowsapi reloader
2021-11-22 15:40:58,169 INFO werkzeug MainThread :  * Restarting with windowsapi reloader
2021-11-22 16:48:33,580 INFO werkzeug MainThread :  * Restarting with windowsapi reloader
2021-11-22 16:48:59,374 INFO werkzeug MainThread :  * Restarting with windowsapi reloader
2021-11-22 16:49:32,912 INFO werkzeug MainThread :  * Restarting with windowsapi reloader
2021-11-22 16:49:43,083 INFO werkzeug MainThread :  * Restarting with windowsapi reloader
2021-11-22 16:49:53,074 INFO werkzeug MainThread :  * Restarting with windowsapi reloader
2021-11-22 16:50:26,910 INFO werkzeug MainThread :  * Restarting with windowsapi reloader
2021-11-22 16:51:38,041 INFO werkzeug MainThread :  * Restarting with windowsapi reloader
2021-11-22 16:53:37,056 INFO werkzeug MainThread :  * Restarting with windowsapi reloader
2021-11-22 20:34:52,781 INFO apscheduler.scheduler MainThread : Adding job tentatively -- it will be properly scheduled when the scheduler starts
2021-11-22 20:34:52,785 INFO apscheduler.scheduler MainThread : Added job "watering_reminder" to job store "default"
2021-11-22 20:34:52,785 INFO apscheduler.scheduler MainThread : Scheduler started
2021-11-22 20:34:52,786 DEBUG apscheduler.scheduler APScheduler : Looking for jobs to run
2021-11-22 20:34:52,786 DEBUG apscheduler.scheduler APScheduler : Next wakeup is due at 2021-11-22 20:35:22.781918+01:00 (in 29.995608 seconds)
2021-11-22 20:34:52,802 WARNING werkzeug MainThread :  * Debugger is active!
2021-11-22 20:34:52,829 INFO werkzeug MainThread :  * Debugger PIN: 269-649-333
2021-11-22 20:34:52,867 INFO werkzeug Thread-1 :  * Running on http://127.0.0.1:5000/ (Press CTRL+C to quit)
2021-11-22 20:35:22,787 DEBUG apscheduler.scheduler APScheduler : Looking for jobs to run
2021-11-22 20:35:22,789 INFO apscheduler.executors.default ThreadPoolExecutor-0_0 : Running job "watering_reminder (trigger: interval[0:00:30], next run at: 2021-11-22 20:35:22 CET)" (scheduled at 2021-11-22 20:35:22.781918+01:00)
2021-11-22 20:35:22,790 DEBUG apscheduler.scheduler APScheduler : Next wakeup is due at 2021-11-22 20:35:52.781918+01:00 (in 29.993371 seconds)
2021-11-22 20:35:22,836 INFO apscheduler.executors.default ThreadPoolExecutor-0_0 : Job "watering_reminder (trigger: interval[0:00:30], next run at: 2021-11-22 20:35:52 CET)" executed successfully
2021-11-22 20:35:52,811 DEBUG apscheduler.scheduler APScheduler : Looking for jobs to run
2021-11-22 20:35:52,812 DEBUG apscheduler.scheduler APScheduler : Next wakeup is due at 2021-11-22 20:36:22.781918+01:00 (in 29.970670 seconds)
2021-11-22 20:35:52,812 INFO apscheduler.executors.default ThreadPoolExecutor-0_0 : Running job "watering_reminder (trigger: interval[0:00:30], next run at: 2021-11-22 20:36:22 CET)" (scheduled at 2021-11-22 20:35:52.781918+01:00)
2021-11-22 20:35:52,824 INFO apscheduler.executors.default ThreadPoolExecutor-0_0 : Job "watering_reminder (trigger: interval[0:00:30], next run at: 2021-11-22 20:36:22 CET)" executed successfully
2021-11-22 20:36:22,807 DEBUG apscheduler.scheduler APScheduler : Looking for jobs to run
2021-11-22 20:36:22,809 DEBUG apscheduler.scheduler APScheduler : Next wakeup is due at 2021-11-22 20:36:52.781918+01:00 (in 29.973363 seconds)
2021-11-22 20:36:22,810 INFO apscheduler.executors.default ThreadPoolExecutor-0_0 : Running job "watering_reminder (trigger: interval[0:00:30], next run at: 2021-11-22 20:36:52 CET)" (scheduled at 2021-11-22 20:36:22.781918+01:00)
2021-11-22 20:36:22,829 INFO apscheduler.executors.default ThreadPoolExecutor-0_0 : Job "watering_reminder (trigger: interval[0:00:30], next run at: 2021-11-22 20:36:52 CET)" executed successfully
2021-11-22 20:36:52,795 DEBUG apscheduler.scheduler APScheduler : Looking for jobs to run
2021-11-22 20:36:52,797 DEBUG apscheduler.scheduler APScheduler : Next wakeup is due at 2021-11-22 20:37:22.781918+01:00 (in 29.985442 seconds)
2021-11-22 20:36:52,799 INFO apscheduler.executors.default ThreadPoolExecutor-0_0 : Running job "watering_reminder (trigger: interval[0:00:30], next run at: 2021-11-22 20:37:22 CET)" (scheduled at 2021-11-22 20:36:52.781918+01:00)
2021-11-22 20:36:52,816 INFO apscheduler.executors.default ThreadPoolExecutor-0_0 : Job "watering_reminder (trigger: interval[0:00:30], next run at: 2021-11-22 20:37:22 CET)" executed successfully
2021-11-22 20:37:22,800 DEBUG apscheduler.scheduler APScheduler : Looking for jobs to run
2021-11-22 20:37:22,801 DEBUG apscheduler.scheduler APScheduler : Next wakeup is due at 2021-11-22 20:37:52.781918+01:00 (in 29.981067 seconds)
2021-11-22 20:37:22,801 INFO apscheduler.executors.default ThreadPoolExecutor-0_0 : Running job "watering_reminder (trigger: interval[0:00:30], next run at: 2021-11-22 20:37:52 CET)" (scheduled at 2021-11-22 20:37:22.781918+01:00)
2021-11-22 20:37:22,808 INFO apscheduler.executors.default ThreadPoolExecutor-0_0 : Job "watering_reminder (trigger: interval[0:00:30], next run at: 2021-11-22 20:37:52 CET)" executed successfully
2021-11-22 20:37:52,797 DEBUG apscheduler.scheduler APScheduler : Looking for jobs to run
2021-11-22 20:37:52,798 DEBUG apscheduler.scheduler APScheduler : Next wakeup is due at 2021-11-22 20:38:22.781918+01:00 (in 29.983835 seconds)
2021-11-22 20:37:52,799 INFO apscheduler.executors.default ThreadPoolExecutor-0_0 : Running job "watering_reminder (trigger: interval[0:00:30], next run at: 2021-11-22 20:38:22 CET)" (scheduled at 2021-11-22 20:37:52.781918+01:00)
2021-11-22 20:37:52,816 INFO apscheduler.executors.default ThreadPoolExecutor-0_0 : Job "watering_reminder (trigger: interval[0:00:30], next run at: 2021-11-22 20:38:22 CET)" executed successfully
2021-11-22 20:38:22,786 DEBUG apscheduler.scheduler APScheduler : Looking for jobs to run
2021-11-22 20:38:22,787 DEBUG apscheduler.scheduler APScheduler : Next wakeup is due at 2021-11-22 20:38:52.781918+01:00 (in 29.994676 seconds)
2021-11-22 20:38:22,788 INFO apscheduler.executors.default ThreadPoolExecutor-0_0 : Running job "watering_reminder (trigger: interval[0:00:30], next run at: 2021-11-22 20:38:52 CET)" (scheduled at 2021-11-22 20:38:22.781918+01:00)
2021-11-22 20:38:22,800 INFO apscheduler.executors.default ThreadPoolExecutor-0_0 : Job "watering_reminder (trigger: interval[0:00:30], next run at: 2021-11-22 20:38:52 CET)" executed successfully
2021-11-22 20:38:52,793 DEBUG apscheduler.scheduler APScheduler : Looking for jobs to run
2021-11-22 20:38:52,795 DEBUG apscheduler.scheduler APScheduler : Next wakeup is due at 2021-11-22 20:39:22.781918+01:00 (in 29.987480 seconds)
2021-11-22 20:38:52,795 INFO apscheduler.executors.default ThreadPoolExecutor-0_0 : Running job "watering_reminder (trigger: interval[0:00:30], next run at: 2021-11-22 20:39:22 CET)" (scheduled at 2021-11-22 20:38:52.781918+01:00)
2021-11-22 20:38:52,810 INFO apscheduler.executors.default ThreadPoolExecutor-0_0 : Job "watering_reminder (trigger: interval[0:00:30], next run at: 2021-11-22 20:39:22 CET)" executed successfully
2021-11-22 20:39:22,799 DEBUG apscheduler.scheduler APScheduler : Looking for jobs to run
2021-11-22 20:39:22,812 DEBUG apscheduler.scheduler APScheduler : Next wakeup is due at 2021-11-22 20:39:52.781918+01:00 (in 29.969102 seconds)
2021-11-22 20:39:22,812 INFO apscheduler.executors.default ThreadPoolExecutor-0_0 : Running job "watering_reminder (trigger: interval[0:00:30], next run at: 2021-11-22 20:39:52 CET)" (scheduled at 2021-11-22 20:39:22.781918+01:00)
2021-11-22 20:39:22,822 INFO apscheduler.executors.default ThreadPoolExecutor-0_0 : Job "watering_reminder (trigger: interval[0:00:30], next run at: 2021-11-22 20:39:52 CET)" executed successfully
2021-11-22 20:39:52,802 DEBUG apscheduler.scheduler APScheduler : Looking for jobs to run
2021-11-22 20:39:52,802 DEBUG apscheduler.scheduler APScheduler : Next wakeup is due at 2021-11-22 20:40:22.781918+01:00 (in 29.979479 seconds)
2021-11-22 20:39:52,803 INFO apscheduler.executors.default ThreadPoolExecutor-0_0 : Running job "watering_reminder (trigger: interval[0:00:30], next run at: 2021-11-22 20:40:22 CET)" (scheduled at 2021-11-22 20:39:52.781918+01:00)
2021-11-22 20:39:52,808 INFO apscheduler.executors.default ThreadPoolExecutor-0_0 : Job "watering_reminder (trigger: interval[0:00:30], next run at: 2021-11-22 20:40:22 CET)" executed successfully
2021-11-22 20:40:22,787 DEBUG apscheduler.scheduler APScheduler : Looking for jobs to run
2021-11-22 20:40:22,789 DEBUG apscheduler.scheduler APScheduler : Next wakeup is due at 2021-11-22 20:40:52.781918+01:00 (in 29.993804 seconds)
2021-11-22 20:40:22,790 INFO apscheduler.executors.default ThreadPoolExecutor-0_0 : Running job "watering_reminder (trigger: interval[0:00:30], next run at: 2021-11-22 20:40:52 CET)" (scheduled at 2021-11-22 20:40:22.781918+01:00)
2021-11-22 20:40:22,804 INFO apscheduler.executors.default ThreadPoolExecutor-0_0 : Job "watering_reminder (trigger: interval[0:00:30], next run at: 2021-11-22 20:40:52 CET)" executed successfully
2021-11-22 20:40:52,785 DEBUG apscheduler.scheduler APScheduler : Looking for jobs to run
2021-11-22 20:40:52,785 DEBUG apscheduler.scheduler APScheduler : Next wakeup is due at 2021-11-22 20:41:22.781918+01:00 (in 29.996291 seconds)
2021-11-22 20:40:52,785 INFO apscheduler.executors.default ThreadPoolExecutor-0_0 : Running job "watering_reminder (trigger: interval[0:00:30], next run at: 2021-11-22 20:41:22 CET)" (scheduled at 2021-11-22 20:40:52.781918+01:00)
2021-11-22 20:40:52,791 INFO apscheduler.executors.default ThreadPoolExecutor-0_0 : Job "watering_reminder (trigger: interval[0:00:30], next run at: 2021-11-22 20:41:22 CET)" executed successfully
2021-11-22 20:41:22,790 DEBUG apscheduler.scheduler APScheduler : Looking for jobs to run
2021-11-22 20:41:22,790 DEBUG apscheduler.scheduler APScheduler : Next wakeup is due at 2021-11-22 20:41:52.781918+01:00 (in 29.991366 seconds)
2021-11-22 20:41:22,791 INFO apscheduler.executors.default ThreadPoolExecutor-0_0 : Running job "watering_reminder (trigger: interval[0:00:30], next run at: 2021-11-22 20:41:52 CET)" (scheduled at 2021-11-22 20:41:22.781918+01:00)
2021-11-22 20:41:22,796 INFO apscheduler.executors.default ThreadPoolExecutor-0_0 : Job "watering_reminder (trigger: interval[0:00:30], next run at: 2021-11-22 20:41:52 CET)" executed successfully
2021-11-22 20:41:52,791 DEBUG apscheduler.scheduler APScheduler : Looking for jobs to run
2021-11-22 20:41:52,793 DEBUG apscheduler.scheduler APScheduler : Next wakeup is due at 2021-11-22 20:42:22.781918+01:00 (in 29.989619 seconds)
2021-11-22 20:41:52,793 INFO apscheduler.executors.default ThreadPoolExecutor-0_0 : Running job "watering_reminder (trigger: interval[0:00:30], next run at: 2021-11-22 20:42:22 CET)" (scheduled at 2021-11-22 20:41:52.781918+01:00)
2021-11-22 20:41:52,810 INFO apscheduler.executors.default ThreadPoolExecutor-0_0 : Job "watering_reminder (trigger: interval[0:00:30], next run at: 2021-11-22 20:42:22 CET)" executed successfully
2021-11-22 20:42:22,798 DEBUG apscheduler.scheduler APScheduler : Looking for jobs to run
2021-11-22 20:42:22,800 DEBUG apscheduler.scheduler APScheduler : Next wakeup is due at 2021-11-22 20:42:52.781918+01:00 (in 29.982425 seconds)
2021-11-22 20:42:22,800 INFO apscheduler.executors.default ThreadPoolExecutor-0_0 : Running job "watering_reminder (trigger: interval[0:00:30], next run at: 2021-11-22 20:42:52 CET)" (scheduled at 2021-11-22 20:42:22.781918+01:00)
2021-11-22 20:42:22,822 INFO apscheduler.executors.default ThreadPoolExecutor-0_0 : Job "watering_reminder (trigger: interval[0:00:30], next run at: 2021-11-22 20:42:52 CET)" executed successfully
2021-11-22 20:42:52,795 DEBUG apscheduler.scheduler APScheduler : Looking for jobs to run
2021-11-22 20:42:52,796 DEBUG apscheduler.scheduler APScheduler : Next wakeup is due at 2021-11-22 20:43:22.781918+01:00 (in 29.986786 seconds)
2021-11-22 20:42:52,796 INFO apscheduler.executors.default ThreadPoolExecutor-0_0 : Running job "watering_reminder (trigger: interval[0:00:30], next run at: 2021-11-22 20:43:22 CET)" (scheduled at 2021-11-22 20:42:52.781918+01:00)
2021-11-22 20:42:52,836 INFO apscheduler.executors.default ThreadPoolExecutor-0_0 : Job "watering_reminder (trigger: interval[0:00:30], next run at: 2021-11-22 20:43:22 CET)" executed successfully
2021-11-22 20:43:22,797 DEBUG apscheduler.scheduler APScheduler : Looking for jobs to run
2021-11-22 20:43:22,798 DEBUG apscheduler.scheduler APScheduler : Next wakeup is due at 2021-11-22 20:43:52.781918+01:00 (in 29.984001 seconds)
2021-11-22 20:43:22,799 INFO apscheduler.executors.default ThreadPoolExecutor-0_0 : Running job "watering_reminder (trigger: interval[0:00:30], next run at: 2021-11-22 20:43:52 CET)" (scheduled at 2021-11-22 20:43:22.781918+01:00)
2021-11-22 20:43:22,815 INFO apscheduler.executors.default ThreadPoolExecutor-0_0 : Job "watering_reminder (trigger: interval[0:00:30], next run at: 2021-11-22 20:43:52 CET)" executed successfully
2021-11-22 20:43:52,796 DEBUG apscheduler.scheduler APScheduler : Looking for jobs to run
2021-11-22 20:43:52,797 DEBUG apscheduler.scheduler APScheduler : Next wakeup is due at 2021-11-22 20:44:22.781918+01:00 (in 29.984511 seconds)
2021-11-22 20:43:52,798 INFO apscheduler.executors.default ThreadPoolExecutor-0_0 : Running job "watering_reminder (trigger: interval[0:00:30], next run at: 2021-11-22 20:44:22 CET)" (scheduled at 2021-11-22 20:43:52.781918+01:00)
2021-11-22 20:43:52,815 INFO apscheduler.executors.default ThreadPoolExecutor-0_0 : Job "watering_reminder (trigger: interval[0:00:30], next run at: 2021-11-22 20:44:22 CET)" executed successfully
2021-11-22 20:44:22,796 DEBUG apscheduler.scheduler APScheduler : Looking for jobs to run
2021-11-22 20:44:22,798 DEBUG apscheduler.scheduler APScheduler : Next wakeup is due at 2021-11-22 20:44:52.781918+01:00 (in 29.984698 seconds)
2021-11-22 20:44:22,799 INFO apscheduler.executors.default ThreadPoolExecutor-0_0 : Running job "watering_reminder (trigger: interval[0:00:30], next run at: 2021-11-22 20:44:52 CET)" (scheduled at 2021-11-22 20:44:22.781918+01:00)
2021-11-22 20:44:22,824 INFO apscheduler.executors.default ThreadPoolExecutor-0_0 : Job "watering_reminder (trigger: interval[0:00:30], next run at: 2021-11-22 20:44:52 CET)" executed successfully
2021-11-22 20:44:52,802 DEBUG apscheduler.scheduler APScheduler : Looking for jobs to run
2021-11-22 20:44:52,803 DEBUG apscheduler.scheduler APScheduler : Next wakeup is due at 2021-11-22 20:45:22.781918+01:00 (in 29.978293 seconds)
2021-11-22 20:44:52,804 INFO apscheduler.executors.default ThreadPoolExecutor-0_0 : Running job "watering_reminder (trigger: interval[0:00:30], next run at: 2021-11-22 20:45:22 CET)" (scheduled at 2021-11-22 20:44:52.781918+01:00)
2021-11-22 20:44:52,820 INFO apscheduler.executors.default ThreadPoolExecutor-0_0 : Job "watering_reminder (trigger: interval[0:00:30], next run at: 2021-11-22 20:45:22 CET)" executed successfully
2021-11-22 20:45:22,792 DEBUG apscheduler.scheduler APScheduler : Looking for jobs to run
2021-11-22 20:45:22,794 DEBUG apscheduler.scheduler APScheduler : Next wakeup is due at 2021-11-22 20:45:52.781918+01:00 (in 29.988291 seconds)
2021-11-22 20:45:22,795 INFO apscheduler.executors.default ThreadPoolExecutor-0_0 : Running job "watering_reminder (trigger: interval[0:00:30], next run at: 2021-11-22 20:45:52 CET)" (scheduled at 2021-11-22 20:45:22.781918+01:00)
2021-11-22 20:45:22,811 INFO apscheduler.executors.default ThreadPoolExecutor-0_0 : Job "watering_reminder (trigger: interval[0:00:30], next run at: 2021-11-22 20:45:52 CET)" executed successfully
2021-11-22 20:45:52,788 DEBUG apscheduler.scheduler APScheduler : Looking for jobs to run
2021-11-22 20:45:52,789 DEBUG apscheduler.scheduler APScheduler : Next wakeup is due at 2021-11-22 20:46:22.781918+01:00 (in 29.991986 seconds)
2021-11-22 20:45:52,790 INFO apscheduler.executors.default ThreadPoolExecutor-0_0 : Running job "watering_reminder (trigger: interval[0:00:30], next run at: 2021-11-22 20:46:22 CET)" (scheduled at 2021-11-22 20:45:52.781918+01:00)
2021-11-22 20:45:52,808 INFO apscheduler.executors.default ThreadPoolExecutor-0_0 : Job "watering_reminder (trigger: interval[0:00:30], next run at: 2021-11-22 20:46:22 CET)" executed successfully
2021-11-22 20:46:22,794 DEBUG apscheduler.scheduler APScheduler : Looking for jobs to run
2021-11-22 20:46:22,796 DEBUG apscheduler.scheduler APScheduler : Next wakeup is due at 2021-11-22 20:46:52.781918+01:00 (in 29.985993 seconds)
2021-11-22 20:46:22,796 INFO apscheduler.executors.default ThreadPoolExecutor-0_0 : Running job "watering_reminder (trigger: interval[0:00:30], next run at: 2021-11-22 20:46:52 CET)" (scheduled at 2021-11-22 20:46:22.781918+01:00)
2021-11-22 20:46:22,813 INFO apscheduler.executors.default ThreadPoolExecutor-0_0 : Job "watering_reminder (trigger: interval[0:00:30], next run at: 2021-11-22 20:46:52 CET)" executed successfully
2021-11-22 20:46:52,805 DEBUG apscheduler.scheduler APScheduler : Looking for jobs to run
2021-11-22 20:46:52,805 DEBUG apscheduler.scheduler APScheduler : Next wakeup is due at 2021-11-22 20:47:22.781918+01:00 (in 29.976509 seconds)
2021-11-22 20:46:52,806 INFO apscheduler.executors.default ThreadPoolExecutor-0_0 : Running job "watering_reminder (trigger: interval[0:00:30], next run at: 2021-11-22 20:47:22 CET)" (scheduled at 2021-11-22 20:46:52.781918+01:00)
2021-11-22 20:46:52,812 INFO apscheduler.executors.default ThreadPoolExecutor-0_0 : Job "watering_reminder (trigger: interval[0:00:30], next run at: 2021-11-22 20:47:22 CET)" executed successfully
2021-11-22 20:47:22,809 DEBUG apscheduler.scheduler APScheduler : Looking for jobs to run
2021-11-22 20:47:22,818 DEBUG apscheduler.scheduler APScheduler : Next wakeup is due at 2021-11-22 20:47:52.781918+01:00 (in 29.964145 seconds)
2021-11-22 20:47:22,818 INFO apscheduler.executors.default ThreadPoolExecutor-0_0 : Running job "watering_reminder (trigger: interval[0:00:30], next run at: 2021-11-22 20:47:52 CET)" (scheduled at 2021-11-22 20:47:22.781918+01:00)
2021-11-22 20:47:22,827 INFO apscheduler.executors.default ThreadPoolExecutor-0_0 : Job "watering_reminder (trigger: interval[0:00:30], next run at: 2021-11-22 20:47:52 CET)" executed successfully
2021-11-22 20:47:52,794 DEBUG apscheduler.scheduler APScheduler : Looking for jobs to run
2021-11-22 20:47:52,795 DEBUG apscheduler.scheduler APScheduler : Next wakeup is due at 2021-11-22 20:48:22.781918+01:00 (in 29.985963 seconds)
2021-11-22 20:47:52,796 INFO apscheduler.executors.default ThreadPoolExecutor-0_0 : Running job "watering_reminder (trigger: interval[0:00:30], next run at: 2021-11-22 20:48:22 CET)" (scheduled at 2021-11-22 20:47:52.781918+01:00)
2021-11-22 20:47:52,811 INFO apscheduler.executors.default ThreadPoolExecutor-0_0 : Job "watering_reminder (trigger: interval[0:00:30], next run at: 2021-11-22 20:48:22 CET)" executed successfully
2021-11-22 20:48:22,810 DEBUG apscheduler.scheduler APScheduler : Looking for jobs to run
2021-11-22 20:48:22,812 DEBUG apscheduler.scheduler APScheduler : Next wakeup is due at 2021-11-22 20:48:52.781918+01:00 (in 29.970502 seconds)
2021-11-22 20:48:22,813 INFO apscheduler.executors.default ThreadPoolExecutor-0_0 : Running job "watering_reminder (trigger: interval[0:00:30], next run at: 2021-11-22 20:48:52 CET)" (scheduled at 2021-11-22 20:48:22.781918+01:00)
2021-11-22 20:48:22,831 INFO apscheduler.executors.default ThreadPoolExecutor-0_0 : Job "watering_reminder (trigger: interval[0:00:30], next run at: 2021-11-22 20:48:52 CET)" executed successfully
2021-11-22 20:48:29,207 INFO werkzeug Thread-2 :  * Detected change in 'C:\\Users\\Jan Koøistka\\AppData\\Roaming\\Python\\Python38\\site-packages\\flask\\logging.py', reloading
2021-11-22 20:48:32,700 INFO apscheduler.scheduler MainThread : Adding job tentatively -- it will be properly scheduled when the scheduler starts
2021-11-22 20:48:32,702 INFO apscheduler.scheduler MainThread : Added job "watering_reminder" to job store "default"
2021-11-22 20:48:32,702 INFO apscheduler.scheduler MainThread : Scheduler started
2021-11-22 20:48:32,703 DEBUG apscheduler.scheduler APScheduler : Looking for jobs to run
2021-11-22 20:48:32,704 DEBUG apscheduler.scheduler APScheduler : Next wakeup is due at 2021-11-22 20:49:02.699458+01:00 (in 29.995002 seconds)
2021-11-22 20:48:32,716 WARNING werkzeug MainThread :  * Debugger is active!
2021-11-22 20:48:32,737 INFO werkzeug MainThread :  * Debugger PIN: 269-649-333
2021-11-22 20:48:32,769 INFO werkzeug Thread-1 :  * Running on http://127.0.0.1:5000/ (Press CTRL+C to quit)
2021-11-22 20:48:42,338 INFO werkzeug Thread-2 :  * Detected change in 'C:\\Users\\Jan Koøistka\\Desktop\\Poøádek\\Git\\Water-garden\\water_garden\\views.py', reloading
2021-11-22 20:48:42,339 INFO werkzeug Thread-2 :  * Detected change in 'c:\\users\\jan koøistka\\desktop\\poøádek\\git\\water-garden\\water_garden\\views.py', reloading
2021-11-22 20:48:42,340 INFO werkzeug Thread-2 :  * Detected change in 'c:\\users\\jan koøistka\\desktop\\poøádek\\git\\water-garden\\water_garden\\views.py', reloading
2021-11-22 20:48:42,342 INFO werkzeug Thread-2 :  * Detected change in 'C:\\Users\\Jan Koøistka\\Desktop\\Poøádek\\Git\\Water-garden\\water_garden\\views.py', reloading
2021-11-22 20:48:42,343 INFO werkzeug Thread-2 :  * Detected change in 'c:\\users\\jan koøistka\\desktop\\poøádek\\git\\water-garden\\water_garden\\views.py', reloading
2021-11-22 20:48:42,343 INFO werkzeug Thread-2 :  * Detected change in 'C:\\Users\\Jan Koøistka\\Desktop\\Poøádek\\Git\\Water-garden\\water_garden\\views.py', reloading
2021-11-22 20:48:42,344 INFO werkzeug Thread-2 :  * Detected change in 'c:\\users\\jan koøistka\\desktop\\poøádek\\git\\water-garden\\water_garden\\views.py', reloading
2021-11-22 20:48:45,725 INFO apscheduler.scheduler MainThread : Adding job tentatively -- it will be properly scheduled when the scheduler starts
2021-11-22 20:48:45,728 INFO apscheduler.scheduler MainThread : Added job "watering_reminder" to job store "default"
2021-11-22 20:48:45,728 INFO apscheduler.scheduler MainThread : Scheduler started
2021-11-22 20:48:45,729 DEBUG apscheduler.scheduler APScheduler : Looking for jobs to run
2021-11-22 20:48:45,730 DEBUG apscheduler.scheduler APScheduler : Next wakeup is due at 2021-11-22 20:49:15.724209+01:00 (in 29.995002 seconds)
2021-11-22 20:48:45,740 WARNING werkzeug MainThread :  * Debugger is active!
2021-11-22 20:48:45,762 INFO werkzeug MainThread :  * Debugger PIN: 269-649-333
2021-11-22 20:48:45,788 INFO werkzeug Thread-1 :  * Running on http://127.0.0.1:5000/ (Press CTRL+C to quit)
2021-11-22 20:49:06,800 INFO werkzeug Thread-2 :  * Detected change in 'c:\\users\\jan koøistka\\desktop\\poøádek\\git\\water-garden\\water_garden\\views.py', reloading
2021-11-22 20:49:06,803 INFO werkzeug Thread-2 :  * Detected change in 'c:\\users\\jan koøistka\\desktop\\poøádek\\git\\water-garden\\water_garden\\views.py', reloading
2021-11-22 20:49:06,804 INFO werkzeug Thread-2 :  * Detected change in 'C:\\Users\\Jan Koøistka\\Desktop\\Poøádek\\Git\\Water-garden\\water_garden\\views.py', reloading
2021-11-22 20:49:06,805 INFO werkzeug Thread-2 :  * Detected change in 'C:\\Users\\Jan Koøistka\\Desktop\\Poøádek\\Git\\Water-garden\\water_garden\\views.py', reloading
2021-11-22 20:49:11,231 INFO apscheduler.scheduler MainThread : Adding job tentatively -- it will be properly scheduled when the scheduler starts
2021-11-22 20:49:11,232 INFO apscheduler.scheduler MainThread : Added job "watering_reminder" to job store "default"
2021-11-22 20:49:11,233 INFO apscheduler.scheduler MainThread : Scheduler started
2021-11-22 20:49:11,234 DEBUG apscheduler.scheduler APScheduler : Looking for jobs to run
2021-11-22 20:49:11,234 DEBUG apscheduler.scheduler APScheduler : Next wakeup is due at 2021-11-22 20:49:41.230777+01:00 (in 29.996603 seconds)
2021-11-22 20:49:11,243 WARNING werkzeug MainThread :  * Debugger is active!
2021-11-22 20:49:11,259 INFO werkzeug MainThread :  * Debugger PIN: 269-649-333
2021-11-22 20:49:11,285 INFO werkzeug Thread-1 :  * Running on http://127.0.0.1:5000/ (Press CTRL+C to quit)
2021-11-22 20:49:41,236 DEBUG apscheduler.scheduler APScheduler : Looking for jobs to run
2021-11-22 20:49:41,237 INFO apscheduler.executors.default ThreadPoolExecutor-0_0 : Running job "watering_reminder (trigger: interval[0:00:30], next run at: 2021-11-22 20:49:41 CET)" (scheduled at 2021-11-22 20:49:41.230777+01:00)
2021-11-22 20:49:41,237 DEBUG apscheduler.scheduler APScheduler : Next wakeup is due at 2021-11-22 20:50:11.230777+01:00 (in 29.994196 seconds)
2021-11-22 20:49:41,254 INFO apscheduler.executors.default ThreadPoolExecutor-0_0 : Job "watering_reminder (trigger: interval[0:00:30], next run at: 2021-11-22 20:50:11 CET)" executed successfully
2021-11-22 20:49:56,548 INFO werkzeug Thread-2 :  * Detected change in 'C:\\Users\\Jan Koøistka\\Desktop\\Poøádek\\Git\\Water-garden\\water_garden\\views.py', reloading
2021-11-22 20:49:56,549 INFO werkzeug Thread-2 :  * Detected change in 'c:\\users\\jan koøistka\\desktop\\poøádek\\git\\water-garden\\water_garden\\views.py', reloading
2021-11-22 20:49:56,549 INFO werkzeug Thread-2 :  * Detected change in 'C:\\Users\\Jan Koøistka\\Desktop\\Poøádek\\Git\\Water-garden\\water_garden\\views.py', reloading
2021-11-22 20:49:56,550 INFO werkzeug Thread-2 :  * Detected change in 'c:\\users\\jan koøistka\\desktop\\poøádek\\git\\water-garden\\water_garden\\views.py', reloading
2021-11-22 20:49:56,550 INFO werkzeug Thread-2 :  * Detected change in 'C:\\Users\\Jan Koøistka\\Desktop\\Poøádek\\Git\\Water-garden\\water_garden\\views.py', reloading
2021-11-22 20:49:56,550 INFO werkzeug Thread-2 :  * Detected change in 'c:\\users\\jan koøistka\\desktop\\poøádek\\git\\water-garden\\water_garden\\views.py', reloading
2021-11-22 20:49:56,551 INFO werkzeug Thread-2 :  * Detected change in 'C:\\Users\\Jan Koøistka\\Desktop\\Poøádek\\Git\\Water-garden\\water_garden\\views.py', reloading
2021-11-22 20:49:56,552 INFO werkzeug Thread-2 :  * Detected change in 'c:\\users\\jan koøistka\\desktop\\poøádek\\git\\water-garden\\water_garden\\views.py', reloading
2021-11-22 21:29:19,736 INFO apscheduler.scheduler MainThread : Adding job tentatively -- it will be properly scheduled when the scheduler starts
2021-11-22 21:29:19,742 INFO apscheduler.scheduler MainThread : Added job "watering_reminder" to job store "default"
2021-11-22 21:29:19,742 INFO apscheduler.scheduler MainThread : Scheduler started
2021-11-22 21:29:19,743 DEBUG apscheduler.scheduler APScheduler : Looking for jobs to run
2021-11-22 21:29:19,744 DEBUG apscheduler.scheduler APScheduler : Next wakeup is due at 2021-11-22 21:29:49.736640+01:00 (in 29.991930 seconds)
2021-11-22 21:29:19,820 INFO werkzeug MainThread :  * Restarting with windowsapi reloader
2021-11-22 21:29:22,179 INFO apscheduler.scheduler MainThread : Adding job tentatively -- it will be properly scheduled when the scheduler starts
2021-11-22 21:29:22,181 INFO apscheduler.scheduler MainThread : Added job "watering_reminder" to job store "default"
2021-11-22 21:29:22,181 INFO apscheduler.scheduler MainThread : Scheduler started
2021-11-22 21:29:22,182 DEBUG apscheduler.scheduler APScheduler : Looking for jobs to run
2021-11-22 21:29:22,182 DEBUG apscheduler.scheduler APScheduler : Next wakeup is due at 2021-11-22 21:29:52.179919+01:00 (in 29.997003 seconds)
2021-11-22 21:29:22,192 WARNING werkzeug MainThread :  * Debugger is active!
2021-11-22 21:29:22,217 INFO werkzeug MainThread :  * Debugger PIN: 269-649-333
2021-11-22 21:29:22,246 INFO werkzeug Thread-1 :  * Running on http://127.0.0.1:5000/ (Press CTRL+C to quit)
2021-11-22 21:29:49,738 DEBUG apscheduler.scheduler APScheduler : Looking for jobs to run
2021-11-22 21:29:49,741 INFO apscheduler.executors.default ThreadPoolExecutor-0_0 : Running job "watering_reminder (trigger: interval[0:00:30], next run at: 2021-11-22 21:29:49 CET)" (scheduled at 2021-11-22 21:29:49.736640+01:00)
2021-11-22 21:29:49,742 DEBUG apscheduler.scheduler APScheduler : Next wakeup is due at 2021-11-22 21:30:19.736640+01:00 (in 29.997011 seconds)
2021-11-22 21:29:49,780 INFO apscheduler.executors.default ThreadPoolExecutor-0_0 : Job "watering_reminder (trigger: interval[0:00:30], next run at: 2021-11-22 21:30:19 CET)" executed successfully
2021-11-22 21:29:52,191 DEBUG apscheduler.scheduler APScheduler : Looking for jobs to run
2021-11-22 21:29:52,194 INFO apscheduler.executors.default ThreadPoolExecutor-0_0 : Running job "watering_reminder (trigger: interval[0:00:30], next run at: 2021-11-22 21:29:52 CET)" (scheduled at 2021-11-22 21:29:52.179919+01:00)
2021-11-22 21:29:52,195 DEBUG apscheduler.scheduler APScheduler : Next wakeup is due at 2021-11-22 21:30:22.179919+01:00 (in 29.987192 seconds)
2021-11-22 21:29:52,242 INFO apscheduler.executors.default ThreadPoolExecutor-0_0 : Job "watering_reminder (trigger: interval[0:00:30], next run at: 2021-11-22 21:30:22 CET)" executed successfully
2021-11-22 21:29:59,963 INFO werkzeug Thread-2 :  * Detected change in 'C:\\Users\\Jan Koøistka\\Desktop\\Poøádek\\Git\\Water-garden\\water_garden\\views.py', reloading
2021-11-22 21:29:59,963 INFO werkzeug Thread-2 :  * Detected change in 'c:\\users\\jan koøistka\\desktop\\poøádek\\git\\water-garden\\water_garden\\views.py', reloading
2021-11-22 21:29:59,964 INFO werkzeug Thread-2 :  * Detected change in 'C:\\Users\\Jan Koøistka\\Desktop\\Poøádek\\Git\\Water-garden\\water_garden\\views.py', reloading
2021-11-22 21:29:59,964 INFO werkzeug Thread-2 :  * Detected change in 'c:\\users\\jan koøistka\\desktop\\poøádek\\git\\water-garden\\water_garden\\views.py', reloading
2021-11-22 21:29:59,965 INFO werkzeug Thread-2 :  * Detected change in 'C:\\Users\\Jan Koøistka\\Desktop\\Poøádek\\Git\\Water-garden\\water_garden\\views.py', reloading
2021-11-22 21:29:59,965 INFO werkzeug Thread-2 :  * Detected change in 'c:\\users\\jan koøistka\\desktop\\poøádek\\git\\water-garden\\water_garden\\views.py', reloading
2021-11-22 21:30:01,129 INFO werkzeug MainThread :  * Restarting with windowsapi reloader
2021-11-22 21:30:19,763 DEBUG apscheduler.scheduler APScheduler : Looking for jobs to run
2021-11-22 21:30:19,764 DEBUG apscheduler.scheduler APScheduler : Next wakeup is due at 2021-11-22 21:30:49.736640+01:00 (in 29.971980 seconds)
2021-11-22 21:30:19,765 INFO apscheduler.executors.default ThreadPoolExecutor-0_0 : Running job "watering_reminder (trigger: interval[0:00:30], next run at: 2021-11-22 21:30:49 CET)" (scheduled at 2021-11-22 21:30:19.736640+01:00)
2021-11-22 21:30:19,778 INFO apscheduler.executors.default ThreadPoolExecutor-0_0 : Job "watering_reminder (trigger: interval[0:00:30], next run at: 2021-11-22 21:30:49 CET)" executed successfully
2021-11-22 21:30:49,762 DEBUG apscheduler.scheduler APScheduler : Looking for jobs to run
2021-11-22 21:30:49,763 DEBUG apscheduler.scheduler APScheduler : Next wakeup is due at 2021-11-22 21:31:19.736640+01:00 (in 29.974158 seconds)
2021-11-22 21:30:49,763 INFO apscheduler.executors.default ThreadPoolExecutor-0_0 : Running job "watering_reminder (trigger: interval[0:00:30], next run at: 2021-11-22 21:31:19 CET)" (scheduled at 2021-11-22 21:30:49.736640+01:00)
2021-11-22 21:30:49,769 INFO apscheduler.executors.default ThreadPoolExecutor-0_0 : Job "watering_reminder (trigger: interval[0:00:30], next run at: 2021-11-22 21:31:19 CET)" executed successfully
2021-11-22 21:31:08,039 INFO werkzeug MainThread :  * Restarting with windowsapi reloader
2021-11-22 21:31:19,740 DEBUG apscheduler.scheduler APScheduler : Looking for jobs to run
2021-11-22 21:31:19,742 DEBUG apscheduler.scheduler APScheduler : Next wakeup is due at 2021-11-22 21:31:49.736640+01:00 (in 29.995433 seconds)
2021-11-22 21:31:19,743 INFO apscheduler.executors.default ThreadPoolExecutor-0_0 : Running job "watering_reminder (trigger: interval[0:00:30], next run at: 2021-11-22 21:31:49 CET)" (scheduled at 2021-11-22 21:31:19.736640+01:00)
2021-11-22 21:31:19,757 INFO apscheduler.executors.default ThreadPoolExecutor-0_0 : Job "watering_reminder (trigger: interval[0:00:30], next run at: 2021-11-22 21:31:49 CET)" executed successfully
2021-11-22 21:31:42,514 INFO werkzeug MainThread :  * Restarting with windowsapi reloader
2021-11-22 21:31:49,746 DEBUG apscheduler.scheduler APScheduler : Looking for jobs to run
2021-11-22 21:31:49,747 DEBUG apscheduler.scheduler APScheduler : Next wakeup is due at 2021-11-22 21:32:19.736640+01:00 (in 29.988989 seconds)
2021-11-22 21:31:49,747 INFO apscheduler.executors.default ThreadPoolExecutor-0_0 : Running job "watering_reminder (trigger: interval[0:00:30], next run at: 2021-11-22 21:32:19 CET)" (scheduled at 2021-11-22 21:31:49.736640+01:00)
2021-11-22 21:31:49,759 INFO apscheduler.executors.default ThreadPoolExecutor-0_0 : Job "watering_reminder (trigger: interval[0:00:30], next run at: 2021-11-22 21:32:19 CET)" executed successfully
2021-11-22 21:32:19,744 DEBUG apscheduler.scheduler APScheduler : Looking for jobs to run
2021-11-22 21:32:19,744 DEBUG apscheduler.scheduler APScheduler : Next wakeup is due at 2021-11-22 21:32:49.736640+01:00 (in 29.992621 seconds)
2021-11-22 21:32:19,745 INFO apscheduler.executors.default ThreadPoolExecutor-0_0 : Running job "watering_reminder (trigger: interval[0:00:30], next run at: 2021-11-22 21:32:49 CET)" (scheduled at 2021-11-22 21:32:19.736640+01:00)
2021-11-22 21:32:19,753 INFO apscheduler.executors.default ThreadPoolExecutor-0_0 : Job "watering_reminder (trigger: interval[0:00:30], next run at: 2021-11-22 21:32:49 CET)" executed successfully
2021-11-22 21:32:49,742 DEBUG apscheduler.scheduler APScheduler : Looking for jobs to run
2021-11-22 21:32:49,743 DEBUG apscheduler.scheduler APScheduler : Next wakeup is due at 2021-11-22 21:33:19.736640+01:00 (in 29.993668 seconds)
2021-11-22 21:32:49,743 INFO apscheduler.executors.default ThreadPoolExecutor-0_0 : Running job "watering_reminder (trigger: interval[0:00:30], next run at: 2021-11-22 21:33:19 CET)" (scheduled at 2021-11-22 21:32:49.736640+01:00)
2021-11-22 21:32:49,749 INFO apscheduler.executors.default ThreadPoolExecutor-0_0 : Job "watering_reminder (trigger: interval[0:00:30], next run at: 2021-11-22 21:33:19 CET)" executed successfully
2021-11-22 21:33:04,428 INFO werkzeug MainThread :  * Restarting with windowsapi reloader
